*** Semantic Error (ERR_8): Unknown identifier
  at file C:\Users\Welte\AppData\Local\Temp\ScadeChecker\5528\checker_file.scade, line 74692, character 29
  at path FirstTest::Story00A/_L7=
 the node identifier TM_conversions::RECV_ConvertBaliseHeader_CT/ is undefined at this point
*** Semantic Error (ERR_8): Unknown identifier
  at file C:\Users\Welte\AppData\Local\Temp\ScadeChecker\5528\checker_file.scade, line 106166, character 7
  at path Subfunctions::Compare_Track_OBU_BG/_L44/
 the type or group identifier checkedBG/ is undefined at this point
*** Semantic Error (ERR_8): Unknown identifier
  at file C:\Users\Welte\AppData\Local\Temp\ScadeChecker\5528\checker_file.scade, line 106218, character 7
  at path Subfunctions::Compare_Track_OBU_BG/_L62/
 the type or group identifier delaytime_T/ is undefined at this point
*** Semantic Error (ERR_8): Unknown identifier
  at file C:\Users\Welte\AppData\Local\Temp\ScadeChecker\5528\checker_file.scade, line 106246, character 7
  at path Subfunctions::Compare_Track_OBU_BG/_L69/
 the type or group identifier delaytime_T/ is undefined at this point
*** Semantic Error (ERR_8): Unknown identifier
  at file C:\Users\Welte\AppData\Local\Temp\ScadeChecker\5528\checker_file.scade, line 106339, character 20
  at path Subfunctions::Compare_Track_OBU_BG/_L44=
 the type identifier checkedBG/ is undefined at this point
*** Semantic Error (ERR_8): Unknown identifier
  at file C:\Users\Welte\AppData\Local\Temp\ScadeChecker\5528\checker_file.scade, line 106415, character 59
  at path Subfunctions::Compare_Track_OBU_BG/_L57=
 the type identifier checkedBG/ is undefined at this point
*** Semantic Error (ERR_8): Unknown identifier
  at file C:\Users\Welte\AppData\Local\Temp\ScadeChecker\5528\checker_file.scade, line 106419, character 59
  at path Subfunctions::Compare_Track_OBU_BG/_L64=
 the type identifier checkedBG/ is undefined at this point
*** Semantic Error (ERR_8): Unknown identifier
  at file C:\Users\Welte\AppData\Local\Temp\ScadeChecker\5528\checker_file.scade, line 108238, character 7
  at path Subfunctions::Compand_Add_Track_BG/_L62/
 the type or group identifier delaytime_T/ is undefined at this point
*** Semantic Error (ERR_8): Unknown identifier
  at file C:\Users\Welte\AppData\Local\Temp\ScadeChecker\5528\checker_file.scade, line 108266, character 7
  at path Subfunctions::Compand_Add_Track_BG/_L69/
 the type or group identifier delaytime_T/ is undefined at this point
*** Semantic Error (ERR_8): Unknown identifier
  at file C:\Users\Welte\AppData\Local\Temp\ScadeChecker\5528\checker_file.scade, line 108383, character 59
  at path Subfunctions::Compand_Add_Track_BG/_L57=
 the type identifier checkedBG/ is undefined at this point
*** Semantic Error (ERR_8): Unknown identifier
  at file C:\Users\Welte\AppData\Local\Temp\ScadeChecker\5528\checker_file.scade, line 108387, character 59
  at path Subfunctions::Compand_Add_Track_BG/_L64=
 the type identifier checkedBG/ is undefined at this point
*** Semantic Error (ERR_8): Unknown identifier
  at file C:\Users\Welte\AppData\Local\Temp\ScadeChecker\5528\checker_file.scade, line 109613, character 7
  at path Subfunctions::Compand_Add_OBU_BG/_L62/
 the type or group identifier delaytime_T/ is undefined at this point
*** Semantic Error (ERR_8): Unknown identifier
  at file C:\Users\Welte\AppData\Local\Temp\ScadeChecker\5528\checker_file.scade, line 109641, character 7
  at path Subfunctions::Compand_Add_OBU_BG/_L69/
 the type or group identifier delaytime_T/ is undefined at this point
*** Semantic Error (ERR_8): Unknown identifier
  at file C:\Users\Welte\AppData\Local\Temp\ScadeChecker\5528\checker_file.scade, line 109758, character 59
  at path Subfunctions::Compand_Add_OBU_BG/_L57=
 the type identifier checkedBG/ is undefined at this point
*** Semantic Error (ERR_8): Unknown identifier
  at file C:\Users\Welte\AppData\Local\Temp\ScadeChecker\5528\checker_file.scade, line 109762, character 59
  at path Subfunctions::Compand_Add_OBU_BG/_L64=
 the type identifier checkedBG/ is undefined at this point
*** Semantic Error (ERR_8): Unknown identifier
  at file C:\Users\Welte\AppData\Local\Temp\ScadeChecker\5528\checker_file.scade, line 110301, character 6
  at path Subfunctions::Convert_OBUReceivedBG_to_checkedBG/_L5/
 the type or group identifier Completeness/ is undefined at this point
*** Semantic Error (ERR_8): Unknown identifier
  at file C:\Users\Welte\AppData\Local\Temp\ScadeChecker\5528\checker_file.scade, line 110305, character 6
  at path Subfunctions::Convert_OBUReceivedBG_to_checkedBG/_L6/
 the type or group identifier Consistency/ is undefined at this point
*** Semantic Error (ERR_8): Unknown identifier
  at file C:\Users\Welte\AppData\Local\Temp\ScadeChecker\5528\checker_file.scade, line 110406, character 42
  at path Subfunctions::Convert_OBUReceivedBG_to_checkedBG/_L3=
 the type identifier ReceivedBG/ is undefined at this point
*** Semantic Error (ERR_8): Unknown identifier
  at file C:\Users\Welte\AppData\Local\Temp\ScadeChecker\5528\checker_file.scade, line 110883, character 6
  at path Subfunctions::Convert_BTMReceivedBG_to_checkedBG/_L5/
 the type or group identifier Completeness/ is undefined at this point
*** Semantic Error (ERR_8): Unknown identifier
  at file C:\Users\Welte\AppData\Local\Temp\ScadeChecker\5528\checker_file.scade, line 110887, character 6
  at path Subfunctions::Convert_BTMReceivedBG_to_checkedBG/_L6/
 the type or group identifier Consistency/ is undefined at this point
*** Semantic Error (ERR_8): Unknown identifier
  at file C:\Users\Welte\AppData\Local\Temp\ScadeChecker\5528\checker_file.scade, line 110972, character 42
  at path Subfunctions::Convert_BTMReceivedBG_to_checkedBG/_L3=
 the type identifier ReceivedBG/ is undefined at this point
